2018-05-14 11:07:06 - Using SLF4J as the default logging framework
2018-05-14 11:07:06 - -Dio.netty.eventLoopThreads: 8
2018-05-14 11:07:06 - Platform: Windows
2018-05-14 11:07:06 - -Dio.netty.noUnsafe: false
2018-05-14 11:07:06 - Java version: 8
2018-05-14 11:07:06 - sun.misc.Unsafe.theUnsafe: available
2018-05-14 11:07:06 - sun.misc.Unsafe.copyMemory: available
2018-05-14 11:07:06 - java.nio.Buffer.address: available
2018-05-14 11:07:06 - direct buffer constructor: available
2018-05-14 11:07:06 - java.nio.Bits.unaligned: available, true
2018-05-14 11:07:06 - jdk.internal.misc.Unsafe.allocateUninitializedArray(int): unavailable prior to Java9
2018-05-14 11:07:06 - java.nio.DirectByteBuffer.<init>(long, int): available
2018-05-14 11:07:06 - sun.misc.Unsafe: available
2018-05-14 11:07:06 - -Dio.netty.tmpdir: C:\Users\admin\AppData\Local\Temp (java.io.tmpdir)
2018-05-14 11:07:06 - -Dio.netty.bitMode: 64 (sun.arch.data.model)
2018-05-14 11:07:06 - -Dio.netty.noPreferDirect: false
2018-05-14 11:07:06 - -Dio.netty.maxDirectMemory: 3797417984 bytes
2018-05-14 11:07:06 - -Dio.netty.uninitializedArrayAllocationThreshold: -1
2018-05-14 11:07:06 - java.nio.ByteBuffer.cleaner(): available
2018-05-14 11:07:07 - -Dio.netty.noKeySetOptimization: false
2018-05-14 11:07:07 - -Dio.netty.selectorAutoRebuildThreshold: 512
2018-05-14 11:07:07 - org.jctools-core.MpscChunkedArrayQueue: available
2018-05-14 11:07:07 - -Dio.netty.processId: 13492 (auto-detected)
2018-05-14 11:07:07 - -Djava.net.preferIPv4Stack: false
2018-05-14 11:07:07 - -Djava.net.preferIPv6Addresses: false
2018-05-14 11:07:07 - Loopback interface: lo (Software Loopback Interface 1, 127.0.0.1)
2018-05-14 11:07:07 - Failed to get SOMAXCONN from sysctl and file \proc\sys\net\core\somaxconn. Default: 200
2018-05-14 11:07:07 - -Dio.netty.machineId: 00:00:00:00:00:00:00:e0 (auto-detected)
2018-05-14 11:07:07 - -Dio.netty.threadLocalMap.stringBuilder.initialSize: 1024
2018-05-14 11:07:07 - -Dio.netty.threadLocalMap.stringBuilder.maxSize: 4096
2018-05-14 11:07:07 - -Dio.netty.leakDetection.level: simple
2018-05-14 11:07:07 - -Dio.netty.leakDetection.targetRecords: 4
2018-05-14 11:07:07 - -Dio.netty.allocator.numHeapArenas: 8
2018-05-14 11:07:07 - -Dio.netty.allocator.numDirectArenas: 8
2018-05-14 11:07:07 - -Dio.netty.allocator.pageSize: 8192
2018-05-14 11:07:07 - -Dio.netty.allocator.maxOrder: 11
2018-05-14 11:07:07 - -Dio.netty.allocator.chunkSize: 16777216
2018-05-14 11:07:07 - -Dio.netty.allocator.tinyCacheSize: 512
2018-05-14 11:07:07 - -Dio.netty.allocator.smallCacheSize: 256
2018-05-14 11:07:07 - -Dio.netty.allocator.normalCacheSize: 64
2018-05-14 11:07:07 - -Dio.netty.allocator.maxCachedBufferCapacity: 32768
2018-05-14 11:07:07 - -Dio.netty.allocator.cacheTrimInterval: 8192
2018-05-14 11:07:07 - -Dio.netty.allocator.useCacheForAllThreads: true
2018-05-14 11:07:07 - -Dio.netty.allocator.type: pooled
2018-05-14 11:07:07 - -Dio.netty.threadLocalDirectBufferSize: 65536
2018-05-14 11:07:07 - -Dio.netty.maxThreadLocalCharBufferSize: 16384
2018-05-14 11:07:07 - Commander standing by
2018-05-14 11:12:53 - Using SLF4J as the default logging framework
2018-05-14 11:12:53 - -Dio.netty.eventLoopThreads: 8
2018-05-14 11:12:53 - Platform: Windows
2018-05-14 11:12:53 - -Dio.netty.noUnsafe: false
2018-05-14 11:12:53 - Java version: 8
2018-05-14 11:12:53 - sun.misc.Unsafe.theUnsafe: available
2018-05-14 11:12:53 - sun.misc.Unsafe.copyMemory: available
2018-05-14 11:12:53 - java.nio.Buffer.address: available
2018-05-14 11:12:53 - direct buffer constructor: available
2018-05-14 11:12:53 - java.nio.Bits.unaligned: available, true
2018-05-14 11:12:53 - jdk.internal.misc.Unsafe.allocateUninitializedArray(int): unavailable prior to Java9
2018-05-14 11:12:53 - java.nio.DirectByteBuffer.<init>(long, int): available
2018-05-14 11:12:53 - sun.misc.Unsafe: available
2018-05-14 11:12:53 - -Dio.netty.tmpdir: C:\Users\admin\AppData\Local\Temp (java.io.tmpdir)
2018-05-14 11:12:53 - -Dio.netty.bitMode: 64 (sun.arch.data.model)
2018-05-14 11:12:53 - -Dio.netty.noPreferDirect: false
2018-05-14 11:12:53 - -Dio.netty.maxDirectMemory: 3797417984 bytes
2018-05-14 11:12:53 - -Dio.netty.uninitializedArrayAllocationThreshold: -1
2018-05-14 11:12:53 - java.nio.ByteBuffer.cleaner(): available
2018-05-14 11:12:53 - -Dio.netty.noKeySetOptimization: false
2018-05-14 11:12:53 - -Dio.netty.selectorAutoRebuildThreshold: 512
2018-05-14 11:12:53 - org.jctools-core.MpscChunkedArrayQueue: available
2018-05-14 11:12:53 - -Dio.netty.processId: 4260 (auto-detected)
2018-05-14 11:12:53 - -Djava.net.preferIPv4Stack: false
2018-05-14 11:12:53 - -Djava.net.preferIPv6Addresses: false
2018-05-14 11:12:53 - Loopback interface: lo (Software Loopback Interface 1, 127.0.0.1)
2018-05-14 11:12:53 - Failed to get SOMAXCONN from sysctl and file \proc\sys\net\core\somaxconn. Default: 200
2018-05-14 11:12:53 - -Dio.netty.machineId: 00:00:00:00:00:00:00:e0 (auto-detected)
2018-05-14 11:12:53 - -Dio.netty.threadLocalMap.stringBuilder.initialSize: 1024
2018-05-14 11:12:53 - -Dio.netty.threadLocalMap.stringBuilder.maxSize: 4096
2018-05-14 11:12:53 - -Dio.netty.leakDetection.level: simple
2018-05-14 11:12:53 - -Dio.netty.leakDetection.targetRecords: 4
2018-05-14 11:12:53 - -Dio.netty.allocator.numHeapArenas: 8
2018-05-14 11:12:53 - -Dio.netty.allocator.numDirectArenas: 8
2018-05-14 11:12:53 - -Dio.netty.allocator.pageSize: 8192
2018-05-14 11:12:53 - -Dio.netty.allocator.maxOrder: 11
2018-05-14 11:12:53 - -Dio.netty.allocator.chunkSize: 16777216
2018-05-14 11:12:53 - -Dio.netty.allocator.tinyCacheSize: 512
2018-05-14 11:12:53 - -Dio.netty.allocator.smallCacheSize: 256
2018-05-14 11:12:53 - -Dio.netty.allocator.normalCacheSize: 64
2018-05-14 11:12:53 - -Dio.netty.allocator.maxCachedBufferCapacity: 32768
2018-05-14 11:12:53 - -Dio.netty.allocator.cacheTrimInterval: 8192
2018-05-14 11:12:53 - -Dio.netty.allocator.useCacheForAllThreads: true
2018-05-14 11:12:53 - -Dio.netty.allocator.type: pooled
2018-05-14 11:12:53 - -Dio.netty.threadLocalDirectBufferSize: 65536
2018-05-14 11:12:53 - -Dio.netty.maxThreadLocalCharBufferSize: 16384
2018-05-14 11:13:40 - Using SLF4J as the default logging framework
2018-05-14 11:13:40 - -Dio.netty.eventLoopThreads: 8
2018-05-14 11:13:40 - Platform: Windows
2018-05-14 11:13:40 - -Dio.netty.noUnsafe: false
2018-05-14 11:13:40 - Java version: 8
2018-05-14 11:13:40 - sun.misc.Unsafe.theUnsafe: available
2018-05-14 11:13:40 - sun.misc.Unsafe.copyMemory: available
2018-05-14 11:13:40 - java.nio.Buffer.address: available
2018-05-14 11:13:40 - direct buffer constructor: available
2018-05-14 11:13:40 - java.nio.Bits.unaligned: available, true
2018-05-14 11:13:40 - jdk.internal.misc.Unsafe.allocateUninitializedArray(int): unavailable prior to Java9
2018-05-14 11:13:40 - java.nio.DirectByteBuffer.<init>(long, int): available
2018-05-14 11:13:40 - sun.misc.Unsafe: available
2018-05-14 11:13:40 - -Dio.netty.tmpdir: C:\Users\admin\AppData\Local\Temp (java.io.tmpdir)
2018-05-14 11:13:40 - -Dio.netty.bitMode: 64 (sun.arch.data.model)
2018-05-14 11:13:40 - -Dio.netty.noPreferDirect: false
2018-05-14 11:13:40 - -Dio.netty.maxDirectMemory: 3797417984 bytes
2018-05-14 11:13:40 - -Dio.netty.uninitializedArrayAllocationThreshold: -1
2018-05-14 11:13:40 - java.nio.ByteBuffer.cleaner(): available
2018-05-14 11:13:40 - -Dio.netty.noKeySetOptimization: false
2018-05-14 11:13:40 - -Dio.netty.selectorAutoRebuildThreshold: 512
2018-05-14 11:13:40 - org.jctools-core.MpscChunkedArrayQueue: available
2018-05-14 11:13:40 - -Dio.netty.processId: 15564 (auto-detected)
2018-05-14 11:13:40 - -Djava.net.preferIPv4Stack: false
2018-05-14 11:13:40 - -Djava.net.preferIPv6Addresses: false
2018-05-14 11:13:40 - Loopback interface: lo (Software Loopback Interface 1, 127.0.0.1)
2018-05-14 11:13:40 - Failed to get SOMAXCONN from sysctl and file \proc\sys\net\core\somaxconn. Default: 200
2018-05-14 11:13:40 - -Dio.netty.machineId: 00:00:00:00:00:00:00:e0 (auto-detected)
2018-05-14 11:13:40 - -Dio.netty.threadLocalMap.stringBuilder.initialSize: 1024
2018-05-14 11:13:40 - -Dio.netty.threadLocalMap.stringBuilder.maxSize: 4096
2018-05-14 11:13:40 - -Dio.netty.leakDetection.level: simple
2018-05-14 11:13:40 - -Dio.netty.leakDetection.targetRecords: 4
2018-05-14 11:13:40 - -Dio.netty.allocator.numHeapArenas: 8
2018-05-14 11:13:40 - -Dio.netty.allocator.numDirectArenas: 8
2018-05-14 11:13:40 - -Dio.netty.allocator.pageSize: 8192
2018-05-14 11:13:40 - -Dio.netty.allocator.maxOrder: 11
2018-05-14 11:13:40 - -Dio.netty.allocator.chunkSize: 16777216
2018-05-14 11:13:40 - -Dio.netty.allocator.tinyCacheSize: 512
2018-05-14 11:13:40 - -Dio.netty.allocator.smallCacheSize: 256
2018-05-14 11:13:40 - -Dio.netty.allocator.normalCacheSize: 64
2018-05-14 11:13:40 - -Dio.netty.allocator.maxCachedBufferCapacity: 32768
2018-05-14 11:13:40 - -Dio.netty.allocator.cacheTrimInterval: 8192
2018-05-14 11:13:40 - -Dio.netty.allocator.useCacheForAllThreads: true
2018-05-14 11:13:40 - -Dio.netty.allocator.type: pooled
2018-05-14 11:13:40 - -Dio.netty.threadLocalDirectBufferSize: 65536
2018-05-14 11:13:40 - -Dio.netty.maxThreadLocalCharBufferSize: 16384
2018-05-14 11:13:40 - Commander standing by
2018-05-14 11:14:05 - Using SLF4J as the default logging framework
2018-05-14 11:14:05 - -Dio.netty.eventLoopThreads: 8
2018-05-14 11:14:05 - Platform: Windows
2018-05-14 11:14:05 - -Dio.netty.noUnsafe: false
2018-05-14 11:14:05 - Java version: 8
2018-05-14 11:14:05 - sun.misc.Unsafe.theUnsafe: available
2018-05-14 11:14:05 - sun.misc.Unsafe.copyMemory: available
2018-05-14 11:14:05 - java.nio.Buffer.address: available
2018-05-14 11:14:05 - direct buffer constructor: available
2018-05-14 11:14:05 - java.nio.Bits.unaligned: available, true
2018-05-14 11:14:05 - jdk.internal.misc.Unsafe.allocateUninitializedArray(int): unavailable prior to Java9
2018-05-14 11:14:05 - java.nio.DirectByteBuffer.<init>(long, int): available
2018-05-14 11:14:05 - sun.misc.Unsafe: available
2018-05-14 11:14:05 - -Dio.netty.tmpdir: C:\Users\admin\AppData\Local\Temp (java.io.tmpdir)
2018-05-14 11:14:05 - -Dio.netty.bitMode: 64 (sun.arch.data.model)
2018-05-14 11:14:05 - -Dio.netty.noPreferDirect: false
2018-05-14 11:14:05 - -Dio.netty.maxDirectMemory: 3797417984 bytes
2018-05-14 11:14:05 - -Dio.netty.uninitializedArrayAllocationThreshold: -1
2018-05-14 11:14:05 - java.nio.ByteBuffer.cleaner(): available
2018-05-14 11:14:05 - -Dio.netty.noKeySetOptimization: false
2018-05-14 11:14:05 - -Dio.netty.selectorAutoRebuildThreshold: 512
2018-05-14 11:14:05 - org.jctools-core.MpscChunkedArrayQueue: available
2018-05-14 11:14:05 - -Dio.netty.processId: 16348 (auto-detected)
2018-05-14 11:14:05 - -Djava.net.preferIPv4Stack: false
2018-05-14 11:14:05 - -Djava.net.preferIPv6Addresses: false
2018-05-14 11:14:06 - Loopback interface: lo (Software Loopback Interface 1, 127.0.0.1)
2018-05-14 11:14:06 - Failed to get SOMAXCONN from sysctl and file \proc\sys\net\core\somaxconn. Default: 200
2018-05-14 11:14:06 - -Dio.netty.machineId: 00:00:00:00:00:00:00:e0 (auto-detected)
2018-05-14 11:14:06 - -Dio.netty.threadLocalMap.stringBuilder.initialSize: 1024
2018-05-14 11:14:06 - -Dio.netty.threadLocalMap.stringBuilder.maxSize: 4096
2018-05-14 11:14:06 - -Dio.netty.leakDetection.level: simple
2018-05-14 11:14:06 - -Dio.netty.leakDetection.targetRecords: 4
2018-05-14 11:14:06 - -Dio.netty.allocator.numHeapArenas: 8
2018-05-14 11:14:06 - -Dio.netty.allocator.numDirectArenas: 8
2018-05-14 11:14:06 - -Dio.netty.allocator.pageSize: 8192
2018-05-14 11:14:06 - -Dio.netty.allocator.maxOrder: 11
2018-05-14 11:14:06 - -Dio.netty.allocator.chunkSize: 16777216
2018-05-14 11:14:06 - -Dio.netty.allocator.tinyCacheSize: 512
2018-05-14 11:14:06 - -Dio.netty.allocator.smallCacheSize: 256
2018-05-14 11:14:06 - -Dio.netty.allocator.normalCacheSize: 64
2018-05-14 11:14:06 - -Dio.netty.allocator.maxCachedBufferCapacity: 32768
2018-05-14 11:14:06 - -Dio.netty.allocator.cacheTrimInterval: 8192
2018-05-14 11:14:06 - -Dio.netty.allocator.useCacheForAllThreads: true
2018-05-14 11:14:06 - -Dio.netty.allocator.type: pooled
2018-05-14 11:14:06 - -Dio.netty.threadLocalDirectBufferSize: 65536
2018-05-14 11:14:06 - -Dio.netty.maxThreadLocalCharBufferSize: 16384
2018-05-14 11:14:17 - Using SLF4J as the default logging framework
2018-05-14 11:14:17 - -Dio.netty.eventLoopThreads: 8
2018-05-14 11:14:17 - Platform: Windows
2018-05-14 11:14:17 - -Dio.netty.noUnsafe: false
2018-05-14 11:14:17 - Java version: 8
2018-05-14 11:14:17 - sun.misc.Unsafe.theUnsafe: available
2018-05-14 11:14:17 - sun.misc.Unsafe.copyMemory: available
2018-05-14 11:14:17 - java.nio.Buffer.address: available
2018-05-14 11:14:17 - direct buffer constructor: available
2018-05-14 11:14:17 - java.nio.Bits.unaligned: available, true
2018-05-14 11:14:17 - jdk.internal.misc.Unsafe.allocateUninitializedArray(int): unavailable prior to Java9
2018-05-14 11:14:17 - java.nio.DirectByteBuffer.<init>(long, int): available
2018-05-14 11:14:17 - sun.misc.Unsafe: available
2018-05-14 11:14:17 - -Dio.netty.tmpdir: C:\Users\admin\AppData\Local\Temp (java.io.tmpdir)
2018-05-14 11:14:17 - -Dio.netty.bitMode: 64 (sun.arch.data.model)
2018-05-14 11:14:17 - -Dio.netty.noPreferDirect: false
2018-05-14 11:14:17 - -Dio.netty.maxDirectMemory: 3797417984 bytes
2018-05-14 11:14:17 - -Dio.netty.uninitializedArrayAllocationThreshold: -1
2018-05-14 11:14:17 - java.nio.ByteBuffer.cleaner(): available
2018-05-14 11:14:17 - -Dio.netty.noKeySetOptimization: false
2018-05-14 11:14:17 - -Dio.netty.selectorAutoRebuildThreshold: 512
2018-05-14 11:14:17 - org.jctools-core.MpscChunkedArrayQueue: available
2018-05-14 11:14:17 - -Dio.netty.processId: 9448 (auto-detected)
2018-05-14 11:14:17 - -Djava.net.preferIPv4Stack: false
2018-05-14 11:14:17 - -Djava.net.preferIPv6Addresses: false
2018-05-14 11:14:17 - Loopback interface: lo (Software Loopback Interface 1, 127.0.0.1)
2018-05-14 11:14:17 - Failed to get SOMAXCONN from sysctl and file \proc\sys\net\core\somaxconn. Default: 200
2018-05-14 11:14:17 - -Dio.netty.machineId: 00:00:00:00:00:00:00:e0 (auto-detected)
2018-05-14 11:14:17 - -Dio.netty.threadLocalMap.stringBuilder.initialSize: 1024
2018-05-14 11:14:17 - -Dio.netty.threadLocalMap.stringBuilder.maxSize: 4096
2018-05-14 11:14:17 - -Dio.netty.leakDetection.level: simple
2018-05-14 11:14:17 - -Dio.netty.leakDetection.targetRecords: 4
2018-05-14 11:14:17 - -Dio.netty.allocator.numHeapArenas: 8
2018-05-14 11:14:17 - -Dio.netty.allocator.numDirectArenas: 8
2018-05-14 11:14:17 - -Dio.netty.allocator.pageSize: 8192
2018-05-14 11:14:17 - -Dio.netty.allocator.maxOrder: 11
2018-05-14 11:14:17 - -Dio.netty.allocator.chunkSize: 16777216
2018-05-14 11:14:17 - -Dio.netty.allocator.tinyCacheSize: 512
2018-05-14 11:14:17 - -Dio.netty.allocator.smallCacheSize: 256
2018-05-14 11:14:17 - -Dio.netty.allocator.normalCacheSize: 64
2018-05-14 11:14:17 - -Dio.netty.allocator.maxCachedBufferCapacity: 32768
2018-05-14 11:14:17 - -Dio.netty.allocator.cacheTrimInterval: 8192
2018-05-14 11:14:17 - -Dio.netty.allocator.useCacheForAllThreads: true
2018-05-14 11:14:17 - -Dio.netty.allocator.type: pooled
2018-05-14 11:14:17 - -Dio.netty.threadLocalDirectBufferSize: 65536
2018-05-14 11:14:17 - -Dio.netty.maxThreadLocalCharBufferSize: 16384
2018-05-14 11:14:17 - Commander standing by
2018-05-14 11:16:01 - Using SLF4J as the default logging framework
2018-05-14 11:16:01 - -Dio.netty.eventLoopThreads: 8
2018-05-14 11:16:01 - Platform: Windows
2018-05-14 11:16:01 - -Dio.netty.noUnsafe: false
2018-05-14 11:16:01 - Java version: 8
2018-05-14 11:16:01 - sun.misc.Unsafe.theUnsafe: available
2018-05-14 11:16:01 - sun.misc.Unsafe.copyMemory: available
2018-05-14 11:16:01 - java.nio.Buffer.address: available
2018-05-14 11:16:01 - direct buffer constructor: available
2018-05-14 11:16:01 - java.nio.Bits.unaligned: available, true
2018-05-14 11:16:01 - jdk.internal.misc.Unsafe.allocateUninitializedArray(int): unavailable prior to Java9
2018-05-14 11:16:01 - java.nio.DirectByteBuffer.<init>(long, int): available
2018-05-14 11:16:01 - sun.misc.Unsafe: available
2018-05-14 11:16:01 - -Dio.netty.tmpdir: C:\Users\admin\AppData\Local\Temp (java.io.tmpdir)
2018-05-14 11:16:01 - -Dio.netty.bitMode: 64 (sun.arch.data.model)
2018-05-14 11:16:01 - -Dio.netty.noPreferDirect: false
2018-05-14 11:16:01 - -Dio.netty.maxDirectMemory: 3797417984 bytes
2018-05-14 11:16:01 - -Dio.netty.uninitializedArrayAllocationThreshold: -1
2018-05-14 11:16:01 - java.nio.ByteBuffer.cleaner(): available
2018-05-14 11:16:01 - -Dio.netty.noKeySetOptimization: false
2018-05-14 11:16:01 - -Dio.netty.selectorAutoRebuildThreshold: 512
2018-05-14 11:16:01 - org.jctools-core.MpscChunkedArrayQueue: available
2018-05-14 11:16:02 - -Dio.netty.processId: 3036 (auto-detected)
2018-05-14 11:16:02 - -Djava.net.preferIPv4Stack: false
2018-05-14 11:16:02 - -Djava.net.preferIPv6Addresses: false
2018-05-14 11:16:02 - Loopback interface: lo (Software Loopback Interface 1, 127.0.0.1)
2018-05-14 11:16:02 - Failed to get SOMAXCONN from sysctl and file \proc\sys\net\core\somaxconn. Default: 200
2018-05-14 11:16:02 - -Dio.netty.machineId: 00:00:00:00:00:00:00:e0 (auto-detected)
2018-05-14 11:16:02 - -Dio.netty.threadLocalMap.stringBuilder.initialSize: 1024
2018-05-14 11:16:02 - -Dio.netty.threadLocalMap.stringBuilder.maxSize: 4096
2018-05-14 11:16:02 - -Dio.netty.leakDetection.level: simple
2018-05-14 11:16:02 - -Dio.netty.leakDetection.targetRecords: 4
2018-05-14 11:16:02 - -Dio.netty.allocator.numHeapArenas: 8
2018-05-14 11:16:02 - -Dio.netty.allocator.numDirectArenas: 8
2018-05-14 11:16:02 - -Dio.netty.allocator.pageSize: 8192
2018-05-14 11:16:02 - -Dio.netty.allocator.maxOrder: 11
2018-05-14 11:16:02 - -Dio.netty.allocator.chunkSize: 16777216
2018-05-14 11:16:02 - -Dio.netty.allocator.tinyCacheSize: 512
2018-05-14 11:16:02 - -Dio.netty.allocator.smallCacheSize: 256
2018-05-14 11:16:02 - -Dio.netty.allocator.normalCacheSize: 64
2018-05-14 11:16:02 - -Dio.netty.allocator.maxCachedBufferCapacity: 32768
2018-05-14 11:16:02 - -Dio.netty.allocator.cacheTrimInterval: 8192
2018-05-14 11:16:02 - -Dio.netty.allocator.useCacheForAllThreads: true
2018-05-14 11:16:02 - -Dio.netty.allocator.type: pooled
2018-05-14 11:16:02 - -Dio.netty.threadLocalDirectBufferSize: 65536
2018-05-14 11:16:02 - -Dio.netty.maxThreadLocalCharBufferSize: 16384
2018-05-14 11:16:02 - Commander standing by
2018-05-14 15:20:17 - Using SLF4J as the default logging framework
2018-05-14 15:20:17 - -Dio.netty.eventLoopThreads: 8
2018-05-14 15:20:17 - Platform: Windows
2018-05-14 15:20:17 - -Dio.netty.noUnsafe: false
2018-05-14 15:20:17 - Java version: 8
2018-05-14 15:20:17 - sun.misc.Unsafe.theUnsafe: available
2018-05-14 15:20:17 - sun.misc.Unsafe.copyMemory: available
2018-05-14 15:20:17 - java.nio.Buffer.address: available
2018-05-14 15:20:17 - direct buffer constructor: available
2018-05-14 15:20:17 - java.nio.Bits.unaligned: available, true
2018-05-14 15:20:17 - jdk.internal.misc.Unsafe.allocateUninitializedArray(int): unavailable prior to Java9
2018-05-14 15:20:17 - java.nio.DirectByteBuffer.<init>(long, int): available
2018-05-14 15:20:17 - sun.misc.Unsafe: available
2018-05-14 15:20:17 - -Dio.netty.tmpdir: C:\Users\admin\AppData\Local\Temp (java.io.tmpdir)
2018-05-14 15:20:17 - -Dio.netty.bitMode: 64 (sun.arch.data.model)
2018-05-14 15:20:17 - -Dio.netty.noPreferDirect: false
2018-05-14 15:20:17 - -Dio.netty.maxDirectMemory: 3797417984 bytes
2018-05-14 15:20:17 - -Dio.netty.uninitializedArrayAllocationThreshold: -1
2018-05-14 15:20:17 - java.nio.ByteBuffer.cleaner(): available
2018-05-14 15:20:17 - -Dio.netty.noKeySetOptimization: false
2018-05-14 15:20:17 - -Dio.netty.selectorAutoRebuildThreshold: 512
2018-05-14 15:20:17 - org.jctools-core.MpscChunkedArrayQueue: available
2018-05-14 15:20:17 - -Dio.netty.processId: 1408 (auto-detected)
2018-05-14 15:20:17 - -Djava.net.preferIPv4Stack: false
2018-05-14 15:20:17 - -Djava.net.preferIPv6Addresses: false
2018-05-14 15:20:17 - Loopback interface: lo (Software Loopback Interface 1, 127.0.0.1)
2018-05-14 15:20:17 - Failed to get SOMAXCONN from sysctl and file \proc\sys\net\core\somaxconn. Default: 200
2018-05-14 15:20:17 - -Dio.netty.machineId: 00:00:00:00:00:00:00:e0 (auto-detected)
2018-05-14 15:20:17 - -Dio.netty.threadLocalMap.stringBuilder.initialSize: 1024
2018-05-14 15:20:17 - -Dio.netty.threadLocalMap.stringBuilder.maxSize: 4096
2018-05-14 15:20:17 - -Dio.netty.leakDetection.level: simple
2018-05-14 15:20:17 - -Dio.netty.leakDetection.targetRecords: 4
2018-05-14 15:20:17 - -Dio.netty.allocator.numHeapArenas: 8
2018-05-14 15:20:17 - -Dio.netty.allocator.numDirectArenas: 8
2018-05-14 15:20:17 - -Dio.netty.allocator.pageSize: 8192
2018-05-14 15:20:17 - -Dio.netty.allocator.maxOrder: 11
2018-05-14 15:20:17 - -Dio.netty.allocator.chunkSize: 16777216
2018-05-14 15:20:17 - -Dio.netty.allocator.tinyCacheSize: 512
2018-05-14 15:20:17 - -Dio.netty.allocator.smallCacheSize: 256
2018-05-14 15:20:17 - -Dio.netty.allocator.normalCacheSize: 64
2018-05-14 15:20:17 - -Dio.netty.allocator.maxCachedBufferCapacity: 32768
2018-05-14 15:20:17 - -Dio.netty.allocator.cacheTrimInterval: 8192
2018-05-14 15:20:17 - -Dio.netty.allocator.useCacheForAllThreads: true
2018-05-14 15:20:17 - -Dio.netty.allocator.type: pooled
2018-05-14 15:20:17 - -Dio.netty.threadLocalDirectBufferSize: 65536
2018-05-14 15:20:17 - -Dio.netty.maxThreadLocalCharBufferSize: 16384
2018-05-14 15:20:59 - Using SLF4J as the default logging framework
2018-05-14 15:20:59 - -Dio.netty.eventLoopThreads: 8
2018-05-14 15:20:59 - Platform: Windows
2018-05-14 15:20:59 - -Dio.netty.noUnsafe: false
2018-05-14 15:20:59 - Java version: 8
2018-05-14 15:20:59 - sun.misc.Unsafe.theUnsafe: available
2018-05-14 15:20:59 - sun.misc.Unsafe.copyMemory: available
2018-05-14 15:20:59 - java.nio.Buffer.address: available
2018-05-14 15:20:59 - direct buffer constructor: available
2018-05-14 15:20:59 - java.nio.Bits.unaligned: available, true
2018-05-14 15:20:59 - jdk.internal.misc.Unsafe.allocateUninitializedArray(int): unavailable prior to Java9
2018-05-14 15:20:59 - java.nio.DirectByteBuffer.<init>(long, int): available
2018-05-14 15:20:59 - sun.misc.Unsafe: available
2018-05-14 15:20:59 - -Dio.netty.tmpdir: C:\Users\admin\AppData\Local\Temp (java.io.tmpdir)
2018-05-14 15:20:59 - -Dio.netty.bitMode: 64 (sun.arch.data.model)
2018-05-14 15:20:59 - -Dio.netty.noPreferDirect: false
2018-05-14 15:20:59 - -Dio.netty.maxDirectMemory: 3797417984 bytes
2018-05-14 15:20:59 - -Dio.netty.uninitializedArrayAllocationThreshold: -1
2018-05-14 15:20:59 - java.nio.ByteBuffer.cleaner(): available
2018-05-14 15:20:59 - -Dio.netty.noKeySetOptimization: false
2018-05-14 15:20:59 - -Dio.netty.selectorAutoRebuildThreshold: 512
2018-05-14 15:20:59 - org.jctools-core.MpscChunkedArrayQueue: available
2018-05-14 15:20:59 - -Dio.netty.processId: 16456 (auto-detected)
2018-05-14 15:20:59 - -Djava.net.preferIPv4Stack: false
2018-05-14 15:20:59 - -Djava.net.preferIPv6Addresses: false
2018-05-14 15:20:59 - Loopback interface: lo (Software Loopback Interface 1, 127.0.0.1)
2018-05-14 15:20:59 - Failed to get SOMAXCONN from sysctl and file \proc\sys\net\core\somaxconn. Default: 200
2018-05-14 15:20:59 - -Dio.netty.machineId: 00:00:00:00:00:00:00:e0 (auto-detected)
2018-05-14 15:20:59 - -Dio.netty.threadLocalMap.stringBuilder.initialSize: 1024
2018-05-14 15:20:59 - -Dio.netty.threadLocalMap.stringBuilder.maxSize: 4096
2018-05-14 15:21:00 - -Dio.netty.leakDetection.level: simple
2018-05-14 15:21:00 - -Dio.netty.leakDetection.targetRecords: 4
2018-05-14 15:21:00 - -Dio.netty.allocator.numHeapArenas: 8
2018-05-14 15:21:00 - -Dio.netty.allocator.numDirectArenas: 8
2018-05-14 15:21:00 - -Dio.netty.allocator.pageSize: 8192
2018-05-14 15:21:00 - -Dio.netty.allocator.maxOrder: 11
2018-05-14 15:21:00 - -Dio.netty.allocator.chunkSize: 16777216
2018-05-14 15:21:00 - -Dio.netty.allocator.tinyCacheSize: 512
2018-05-14 15:21:00 - -Dio.netty.allocator.smallCacheSize: 256
2018-05-14 15:21:00 - -Dio.netty.allocator.normalCacheSize: 64
2018-05-14 15:21:00 - -Dio.netty.allocator.maxCachedBufferCapacity: 32768
2018-05-14 15:21:00 - -Dio.netty.allocator.cacheTrimInterval: 8192
2018-05-14 15:21:00 - -Dio.netty.allocator.useCacheForAllThreads: true
2018-05-14 15:21:00 - -Dio.netty.allocator.type: pooled
2018-05-14 15:21:00 - -Dio.netty.threadLocalDirectBufferSize: 65536
2018-05-14 15:21:00 - -Dio.netty.maxThreadLocalCharBufferSize: 16384
2018-05-14 15:21:00 - Commander standing by
2018-05-14 16:16:27 - Using SLF4J as the default logging framework
2018-05-14 16:16:27 - -Dio.netty.eventLoopThreads: 8
2018-05-14 16:16:27 - Platform: Windows
2018-05-14 16:16:27 - -Dio.netty.noUnsafe: false
2018-05-14 16:16:27 - Java version: 8
2018-05-14 16:16:27 - sun.misc.Unsafe.theUnsafe: available
2018-05-14 16:16:27 - sun.misc.Unsafe.copyMemory: available
2018-05-14 16:16:27 - java.nio.Buffer.address: available
2018-05-14 16:16:27 - direct buffer constructor: available
2018-05-14 16:16:27 - java.nio.Bits.unaligned: available, true
2018-05-14 16:16:27 - jdk.internal.misc.Unsafe.allocateUninitializedArray(int): unavailable prior to Java9
2018-05-14 16:16:27 - java.nio.DirectByteBuffer.<init>(long, int): available
2018-05-14 16:16:27 - sun.misc.Unsafe: available
2018-05-14 16:16:27 - -Dio.netty.tmpdir: C:\Users\admin\AppData\Local\Temp (java.io.tmpdir)
2018-05-14 16:16:27 - -Dio.netty.bitMode: 64 (sun.arch.data.model)
2018-05-14 16:16:27 - -Dio.netty.noPreferDirect: false
2018-05-14 16:16:27 - -Dio.netty.maxDirectMemory: 3797417984 bytes
2018-05-14 16:16:27 - -Dio.netty.uninitializedArrayAllocationThreshold: -1
2018-05-14 16:16:27 - java.nio.ByteBuffer.cleaner(): available
2018-05-14 16:16:27 - -Dio.netty.noKeySetOptimization: false
2018-05-14 16:16:27 - -Dio.netty.selectorAutoRebuildThreshold: 512
2018-05-14 16:16:27 - org.jctools-core.MpscChunkedArrayQueue: available
2018-05-14 16:16:27 - -Dio.netty.processId: 18328 (auto-detected)
2018-05-14 16:16:27 - -Djava.net.preferIPv4Stack: false
2018-05-14 16:16:27 - -Djava.net.preferIPv6Addresses: false
2018-05-14 16:16:27 - Loopback interface: lo (Software Loopback Interface 1, 127.0.0.1)
2018-05-14 16:16:27 - Failed to get SOMAXCONN from sysctl and file \proc\sys\net\core\somaxconn. Default: 200
2018-05-14 16:16:27 - -Dio.netty.machineId: 00:00:00:00:00:00:00:e0 (auto-detected)
2018-05-14 16:16:27 - -Dio.netty.threadLocalMap.stringBuilder.initialSize: 1024
2018-05-14 16:16:27 - -Dio.netty.threadLocalMap.stringBuilder.maxSize: 4096
2018-05-14 16:16:27 - -Dio.netty.leakDetection.level: simple
2018-05-14 16:16:27 - -Dio.netty.leakDetection.targetRecords: 4
2018-05-14 16:16:27 - -Dio.netty.allocator.numHeapArenas: 8
2018-05-14 16:16:27 - -Dio.netty.allocator.numDirectArenas: 8
2018-05-14 16:16:27 - -Dio.netty.allocator.pageSize: 8192
2018-05-14 16:16:27 - -Dio.netty.allocator.maxOrder: 11
2018-05-14 16:16:27 - -Dio.netty.allocator.chunkSize: 16777216
2018-05-14 16:16:27 - -Dio.netty.allocator.tinyCacheSize: 512
2018-05-14 16:16:27 - -Dio.netty.allocator.smallCacheSize: 256
2018-05-14 16:16:27 - -Dio.netty.allocator.normalCacheSize: 64
2018-05-14 16:16:27 - -Dio.netty.allocator.maxCachedBufferCapacity: 32768
2018-05-14 16:16:27 - -Dio.netty.allocator.cacheTrimInterval: 8192
2018-05-14 16:16:27 - -Dio.netty.allocator.useCacheForAllThreads: true
2018-05-14 16:16:27 - -Dio.netty.allocator.type: pooled
2018-05-14 16:16:27 - -Dio.netty.threadLocalDirectBufferSize: 65536
2018-05-14 16:16:27 - -Dio.netty.maxThreadLocalCharBufferSize: 16384
2018-05-14 16:16:27 - Commander standing by
